<?xml version="1.0" encoding="UTF-8"?>
<!-- Generated by org.testng.reporters.JUnitXMLReporter -->
<testsuite hostname="Mohammeds-MacBook-Air.local" ignored="1" name="Test" tests="3" failures="0" timestamp="02 May 2018 02:29:07 GMT" time="8.409" errors="0">
  <testcase name="testingFramework" time="0.297" classname="test.MyFirstTest"/>
  <testcase name="myTst" time="0.003" classname="test.mySecondTest"/>
  <testcase name="myTest2" time="0.005" classname="test.mySecondTest"/>
  <testcase name="skipping" time="0.0" classname="test.MyFirstTest">
    <ignored/>
  </testcase> <!-- skipping -->
</testsuite> <!-- Test -->
